<?xml version="1.0" encoding="UTF-8"?>
<!-- Generated by org.testng.reporters.JUnitXMLReporter -->
<testsuite ignored="0" hostname="DESKTOP-5OKAUT6" failures="0" tests="4" name="Test" time="157.703" errors="0" timestamp="2021-05-03T19:33:31 IST">
  <testcase classname="com.qa.TestCase.BBTestCase" name="BigBasket" time="26.245"/>
  <testcase classname="com.qa.TestCase.BBTestCase" name="BigBasket" time="21.841"/>
  <testcase classname="com.qa.TestCase.BBTestCase" name="BigBasket" time="28.114"/>
  <testcase classname="com.qa.TestCase.BBTestCase" name="BigBasket" time="13.772"/>
</testsuite> <!-- Test -->
