<?xml version="1.0" encoding="UTF-8"?>
<testng-results ignored="0" total="4" passed="4" failed="0" skipped="0">
  <reporter-output>
    <line>
      <![CDATA[price of Sun Lite - Sunflower Refined Oil : Rs 177]]>
    </line>
    <line>
      <![CDATA[price of Rice Bran Oil : Rs 168]]>
    </line>
    <line>
      <![CDATA[price of Tasty Pro Fitness Conscious Edible Oil : Rs 172.66]]>
    </line>
    <line>
      <![CDATA[price of Refined Oil - Sunflower : Rs 174]]>
    </line>
    <line>
      <![CDATA[price of Kachi Ghani Mustard Oil : Rs 97]]>
    </line>
    <line>
      <![CDATA[price of Gold - Pro Healthy Lifestyle Edible Oil : Rs 729]]>
    </line>
    <line>
      <![CDATA[price of Refined - Sunflower Oil Pouch : Rs 531]]>
    </line>
    <line>
      <![CDATA[price of Soya Bean Oil : Rs 163]]>
    </line>
    <line>
      <![CDATA[price of Refined - Sunflower Oil : Rs 173]]>
    </line>
    <line>
      <![CDATA[price of Oil - Gingelly : Rs 284]]>
    </line>
    <line>
      <![CDATA[price of Oil - Groundnut : Rs 1074]]>
    </line>
    <line>
      <![CDATA[price of Tasty Pro Fitness Conscious Edible Oil : Rs 788.90]]>
    </line>
    <line>
      <![CDATA[price of Refined Oil - Rice Bran : Rs 849]]>
    </line>
    <line>
      <![CDATA[price of Healthy & Tasty - Rice Bran Oil : Rs 150]]>
    </line>
    <line>
      <![CDATA[price of Pooja Oil : Rs 131]]>
    </line>
    <line>
      <![CDATA[price of Active Pro Weight Watchers Edible Oil : Rs 738.70]]>
    </line>
    <line>
      <![CDATA[price of Sun Lite - Sunflower Refined Oil : Rs 887]]>
    </line>
    <line>
      <![CDATA[price of Rice Bran Oil : Rs 161]]>
    </line>
    <line>
      <![CDATA[price of Refined Oil - Rice Bran (Natural Oryzanol & Vitamin E) : Rs 168]]>
    </line>
    <line>
      <![CDATA[price of Coconad - Coconut Oil : Rs 327.75]]>
    </line>
    <line>
      <![CDATA[price of Oil - Heart : MRP: Rs 210]]>
    </line>
    <line>
      <![CDATA[price of Lite - Cooking Oil : MRP: Rs 210]]>
    </line>
    <line>
      <![CDATA[price of Healthy & Tasty - Refined Sunflower Oil : Rs 171]]>
    </line>
    <line>
      <![CDATA[price of Pure Coconut Oil : Rs 230.01]]>
    </line>
    <line>
      <![CDATA[price of Oil - Groundnut : Rs 186]]>
    </line>
    <line>
      <![CDATA[price of Refined Sunflower - Oil : Rs 841]]>
    </line>
    <line>
      <![CDATA[price of Heart Oil - Vegetable : MRP: Rs 519]]>
    </line>
    <line>
      <![CDATA[price of Shudhi - Coconut Oil : Rs 329]]>
    </line>
    <line>
      <![CDATA[price of Active - Goodness Of Olive Oil : Rs 218.99]]>
    </line>
    <line>
      <![CDATA[price of Xpert Pro Sugar Conscious Oil : Rs 791.09]]>
    </line>
    <line>
      <![CDATA[price of Oil - Heart : MRP: Rs 1013]]>
    </line>
    <line>
      <![CDATA[price of Nutrilite Oil - Blend : MRP: Rs 200]]>
    </line>
    <line>
      <![CDATA[price of Pooja Oil - Pancha Thyla : Rs 172]]>
    </line>
    <line>
      <![CDATA[price of Olive Oil - Extra Virgin : Rs 3099.22]]>
    </line>
    <line>
      <![CDATA[price of Extra Virgin Olive Oil : Rs 657]]>
    </line>
    <line>
      <![CDATA[price of Organic Cold Pressed Groundnut Cooking Oil : Rs 668]]>
    </line>
    <line>
      <![CDATA[price of Superlite Advanced Oil - Sunflower : MRP: Rs 729]]>
    </line>
    <line>
      <![CDATA[price of Oil - Mustard (Kachi Ghani) : Rs 188]]>
    </line>
    <line>
      <![CDATA[price of Olive Oil - Extra Light : Rs 2176.06]]>
    </line>
    <line>
      <![CDATA[price of Tilnad Sesame Oil : Rs 145.22]]>
    </line>
    <line>
      <![CDATA[price of Gingelly Oil - Tilnad 100% Pure : Rs 279.46]]>
    </line>
    <line>
      <![CDATA[price of Oil - Heart : MRP: Rs 215]]>
    </line>
    <line>
      <![CDATA[price of Organic Cold Pressed Sunflower Cooking Oil : Rs 598]]>
    </line>
    <line>
      <![CDATA[price of Oil - Rice Bran : Rs 153]]>
    </line>
    <line>
      <![CDATA[price of Active - Goodness Of Olive Oil : Rs 1094.98]]>
    </line>
    <line>
      <![CDATA[price of Refined- Sunflower Oil With Nutri-V Pouch : Rs 546]]>
    </line>
    <line>
      <![CDATA[price of Oil - Deepa light : MRP: Rs 83]]>
    </line>
    <line>
      <![CDATA[price of Coconut Oil - Virgin (Cold Pressed) : MRP: Rs 220]]>
    </line>
  </reporter-output>
  <suite started-at="2021-05-03T19:30:53 IST" name="Suite" finished-at="2021-05-03T19:33:31 IST" duration-ms="157703">
    <groups>
    </groups>
    <test started-at="2021-05-03T19:30:53 IST" name="Test" finished-at="2021-05-03T19:33:31 IST" duration-ms="157703">
      <class name="com.qa.TestCase.BBTestCase">
        <test-method is-config="true" signature="Setup(java.lang.String, java.lang.String)[pri:0, instance:com.qa.TestCase.BBTestCase@1b6e1eff]" started-at="2021-05-03T19:30:54 IST" name="Setup" finished-at="2021-05-03T19:31:59 IST" duration-ms="65380" status="PASS">
          <params>
            <param index="0">
              <value>
                <![CDATA[chrome]]>
              </value>
            </param>
            <param index="1">
              <value>
                <![CDATA[https://www.bigbasket.com/]]>
              </value>
            </param>
          </params>
          <reporter-output>
          </reporter-output>
        </test-method> <!-- Setup -->
        <test-method signature="BigBasket(java.lang.String)[pri:0, instance:com.qa.TestCase.BBTestCase@1b6e1eff]" started-at="2021-05-03T19:32:01 IST" name="BigBasket" data-provider="fetchData" finished-at="2021-05-03T19:32:27 IST" duration-ms="26245" status="PASS">
          <params>
            <param index="0">
              <value>
                <![CDATA[baby care]]>
              </value>
            </param>
          </params>
          <reporter-output>
          </reporter-output>
        </test-method> <!-- BigBasket -->
        <test-method signature="BigBasket(java.lang.String)[pri:0, instance:com.qa.TestCase.BBTestCase@1b6e1eff]" started-at="2021-05-03T19:32:27 IST" name="BigBasket" data-provider="fetchData" finished-at="2021-05-03T19:32:49 IST" duration-ms="21841" status="PASS">
          <params>
            <param index="0">
              <value>
                <![CDATA[snacks]]>
              </value>
            </param>
          </params>
          <reporter-output>
          </reporter-output>
        </test-method> <!-- BigBasket -->
        <test-method signature="BigBasket(java.lang.String)[pri:0, instance:com.qa.TestCase.BBTestCase@1b6e1eff]" started-at="2021-05-03T19:32:49 IST" name="BigBasket" data-provider="fetchData" finished-at="2021-05-03T19:33:17 IST" duration-ms="28114" status="PASS">
          <params>
            <param index="0">
              <value>
                <![CDATA[oils]]>
              </value>
            </param>
          </params>
          <reporter-output>
            <line>
              <![CDATA[price of Sun Lite - Sunflower Refined Oil : Rs 177]]>
            </line>
            <line>
              <![CDATA[price of Rice Bran Oil : Rs 168]]>
            </line>
            <line>
              <![CDATA[price of Tasty Pro Fitness Conscious Edible Oil : Rs 172.66]]>
            </line>
            <line>
              <![CDATA[price of Refined Oil - Sunflower : Rs 174]]>
            </line>
            <line>
              <![CDATA[price of Kachi Ghani Mustard Oil : Rs 97]]>
            </line>
            <line>
              <![CDATA[price of Gold - Pro Healthy Lifestyle Edible Oil : Rs 729]]>
            </line>
            <line>
              <![CDATA[price of Refined - Sunflower Oil Pouch : Rs 531]]>
            </line>
            <line>
              <![CDATA[price of Soya Bean Oil : Rs 163]]>
            </line>
            <line>
              <![CDATA[price of Refined - Sunflower Oil : Rs 173]]>
            </line>
            <line>
              <![CDATA[price of Oil - Gingelly : Rs 284]]>
            </line>
            <line>
              <![CDATA[price of Oil - Groundnut : Rs 1074]]>
            </line>
            <line>
              <![CDATA[price of Tasty Pro Fitness Conscious Edible Oil : Rs 788.90]]>
            </line>
            <line>
              <![CDATA[price of Refined Oil - Rice Bran : Rs 849]]>
            </line>
            <line>
              <![CDATA[price of Healthy & Tasty - Rice Bran Oil : Rs 150]]>
            </line>
            <line>
              <![CDATA[price of Pooja Oil : Rs 131]]>
            </line>
            <line>
              <![CDATA[price of Active Pro Weight Watchers Edible Oil : Rs 738.70]]>
            </line>
            <line>
              <![CDATA[price of Sun Lite - Sunflower Refined Oil : Rs 887]]>
            </line>
            <line>
              <![CDATA[price of Rice Bran Oil : Rs 161]]>
            </line>
            <line>
              <![CDATA[price of Refined Oil - Rice Bran (Natural Oryzanol & Vitamin E) : Rs 168]]>
            </line>
            <line>
              <![CDATA[price of Coconad - Coconut Oil : Rs 327.75]]>
            </line>
            <line>
              <![CDATA[price of Oil - Heart : MRP: Rs 210]]>
            </line>
            <line>
              <![CDATA[price of Lite - Cooking Oil : MRP: Rs 210]]>
            </line>
            <line>
              <![CDATA[price of Healthy & Tasty - Refined Sunflower Oil : Rs 171]]>
            </line>
            <line>
              <![CDATA[price of Pure Coconut Oil : Rs 230.01]]>
            </line>
            <line>
              <![CDATA[price of Oil - Groundnut : Rs 186]]>
            </line>
            <line>
              <![CDATA[price of Refined Sunflower - Oil : Rs 841]]>
            </line>
            <line>
              <![CDATA[price of Heart Oil - Vegetable : MRP: Rs 519]]>
            </line>
            <line>
              <![CDATA[price of Shudhi - Coconut Oil : Rs 329]]>
            </line>
            <line>
              <![CDATA[price of Active - Goodness Of Olive Oil : Rs 218.99]]>
            </line>
            <line>
              <![CDATA[price of Xpert Pro Sugar Conscious Oil : Rs 791.09]]>
            </line>
            <line>
              <![CDATA[price of Oil - Heart : MRP: Rs 1013]]>
            </line>
            <line>
              <![CDATA[price of Nutrilite Oil - Blend : MRP: Rs 200]]>
            </line>
            <line>
              <![CDATA[price of Pooja Oil - Pancha Thyla : Rs 172]]>
            </line>
            <line>
              <![CDATA[price of Olive Oil - Extra Virgin : Rs 3099.22]]>
            </line>
            <line>
              <![CDATA[price of Extra Virgin Olive Oil : Rs 657]]>
            </line>
            <line>
              <![CDATA[price of Organic Cold Pressed Groundnut Cooking Oil : Rs 668]]>
            </line>
            <line>
              <![CDATA[price of Superlite Advanced Oil - Sunflower : MRP: Rs 729]]>
            </line>
            <line>
              <![CDATA[price of Oil - Mustard (Kachi Ghani) : Rs 188]]>
            </line>
            <line>
              <![CDATA[price of Olive Oil - Extra Light : Rs 2176.06]]>
            </line>
            <line>
              <![CDATA[price of Tilnad Sesame Oil : Rs 145.22]]>
            </line>
            <line>
              <![CDATA[price of Gingelly Oil - Tilnad 100% Pure : Rs 279.46]]>
            </line>
            <line>
              <![CDATA[price of Oil - Heart : MRP: Rs 215]]>
            </line>
            <line>
              <![CDATA[price of Organic Cold Pressed Sunflower Cooking Oil : Rs 598]]>
            </line>
            <line>
              <![CDATA[price of Oil - Rice Bran : Rs 153]]>
            </line>
            <line>
              <![CDATA[price of Active - Goodness Of Olive Oil : Rs 1094.98]]>
            </line>
            <line>
              <![CDATA[price of Refined- Sunflower Oil With Nutri-V Pouch : Rs 546]]>
            </line>
            <line>
              <![CDATA[price of Oil - Deepa light : MRP: Rs 83]]>
            </line>
            <line>
              <![CDATA[price of Coconut Oil - Virgin (Cold Pressed) : MRP: Rs 220]]>
            </line>
          </reporter-output>
        </test-method> <!-- BigBasket -->
        <test-method signature="BigBasket(java.lang.String)[pri:0, instance:com.qa.TestCase.BBTestCase@1b6e1eff]" started-at="2021-05-03T19:33:17 IST" name="BigBasket" data-provider="fetchData" finished-at="2021-05-03T19:33:31 IST" duration-ms="13772" status="PASS">
          <params>
            <param index="0">
              <value>
                <![CDATA[keyboard]]>
              </value>
            </param>
          </params>
          <reporter-output>
          </reporter-output>
        </test-method> <!-- BigBasket -->
        <test-method is-config="true" signature="TearDown()[pri:0, instance:com.qa.TestCase.BBTestCase@1b6e1eff]" started-at="2021-05-03T19:33:31 IST" name="TearDown" finished-at="2021-05-03T19:33:31 IST" duration-ms="189" status="PASS">
          <reporter-output>
          </reporter-output>
        </test-method> <!-- TearDown -->
      </class> <!-- com.qa.TestCase.BBTestCase -->
    </test> <!-- Test -->
  </suite> <!-- Suite -->
</testng-results>
